[INFO ] 2020-12-02 13:58:44.437 [main] - ======= Test 'SearchPageTest' is started =======
[INFO ] 2020-12-02 13:58:48.791 [main] - Cards on Page: 15
[INFO ] 2020-12-02 13:58:48.793 [main] - Card Index: 0
[INFO ] 2020-12-02 13:58:48.931 [main] - Job Title: QA Engineer
[INFO ] 2020-12-02 13:58:48.963 [main] - Company: Ethos Solutions, LLC
[INFO ] 2020-12-02 13:58:48.995 [main] - Date Posted: 21 days ago
[INFO ] 2020-12-02 13:58:49.629 [main] - Card Index: 1
[INFO ] 2020-12-02 13:58:49.790 [main] - Job Title: Software Quality Assurance Analyst (Remote)
[INFO ] 2020-12-02 13:58:49.820 [main] - Company: Leading Reach, Inc.
[INFO ] 2020-12-02 13:58:49.851 [main] - Date Posted: Today
[INFO ] 2020-12-02 13:58:50.160 [main] - Card Index: 2
[INFO ] 2020-12-02 13:58:50.328 [main] - Job Title: Quality Assurance Engineer
[INFO ] 2020-12-02 13:58:50.358 [main] - Company: TruConnect Communication Inc
[INFO ] 2020-12-02 13:58:50.388 [main] - Date Posted: 30+ days ago
[INFO ] 2020-12-02 13:58:50.627 [main] - Card Index: 3
[INFO ] 2020-12-02 13:58:50.780 [main] - Job Title: QA Engineer
[INFO ] 2020-12-02 13:58:50.812 [main] - Company: SkySync
[INFO ] 2020-12-02 13:58:50.843 [main] - Date Posted: 30+ days ago
[INFO ] 2020-12-02 13:58:51.117 [main] - Card Index: 4
[INFO ] 2020-12-02 13:58:51.288 [main] - Job Title: QA Engineer
[INFO ] 2020-12-02 13:58:51.319 [main] - Company: Bear Group
[INFO ] 2020-12-02 13:58:51.351 [main] - Date Posted: 7 days ago
[INFO ] 2020-12-02 13:58:51.716 [main] - Card Index: 5
[INFO ] 2020-12-02 13:58:51.831 [main] - Job Title: QA Engineer
[INFO ] 2020-12-02 13:58:51.859 [main] - Company: Affinity Resources
[INFO ] 2020-12-02 13:58:51.889 [main] - Date Posted: 1 day ago
[INFO ] 2020-12-02 13:58:52.265 [main] - Card Index: 6
[INFO ] 2020-12-02 13:58:52.401 [main] - Job Title: VP of Software QA
[INFO ] 2020-12-02 13:58:52.434 [main] - Company: ITAC Solutions
[INFO ] 2020-12-02 13:58:52.464 [main] - Date Posted: 1 day ago
[INFO ] 2020-12-02 13:58:52.653 [main] - Card Index: 7
[INFO ] 2020-12-02 13:58:52.779 [main] - Job Title: Software Quality Assurance (QA)
[INFO ] 2020-12-02 13:58:52.811 [main] - Company: Ebury Partners
[INFO ] 2020-12-02 13:58:52.842 [main] - Date Posted: 30+ days ago
[INFO ] 2020-12-02 13:58:53.062 [main] - Card Index: 8
[INFO ] 2020-12-02 13:58:53.199 [main] - Job Title: Director, Software Quality Assurance
[INFO ] 2020-12-02 13:58:53.230 [main] - Company: NRC Health
[INFO ] 2020-12-02 13:58:53.262 [main] - Date Posted: 1 day ago
[INFO ] 2020-12-02 13:58:53.444 [main] - Card Index: 9
[INFO ] 2020-12-02 13:58:53.577 [main] - Job Title: QA Engineer
[INFO ] 2020-12-02 13:58:53.608 [main] - Company: Food52
[INFO ] 2020-12-02 13:58:53.637 [main] - Date Posted: Today
[INFO ] 2020-12-02 13:58:53.850 [main] - Card Index: 10
[INFO ] 2020-12-02 13:58:54.010 [main] - Job Title: QA Engineer
[INFO ] 2020-12-02 13:58:54.041 [main] - Company: Ansira
[INFO ] 2020-12-02 13:58:54.071 [main] - Date Posted: 1 day ago
[INFO ] 2020-12-02 13:58:54.289 [main] - Card Index: 11
[INFO ] 2020-12-02 13:58:54.443 [main] - Job Title: Shared Services QA Engineer
[INFO ] 2020-12-02 13:58:54.472 [main] - Company: Apple
[INFO ] 2020-12-02 13:58:54.501 [main] - Date Posted: 13 days ago
[INFO ] 2020-12-02 13:58:54.681 [main] - Card Index: 12
[INFO ] 2020-12-02 13:58:54.815 [main] - Job Title: Entry level manual tester/ QA
[INFO ] 2020-12-02 13:58:54.843 [main] - Company: Qabasa Inc.
[INFO ] 2020-12-02 13:58:54.876 [main] - Date Posted: 30+ days ago
[INFO ] 2020-12-02 13:58:55.176 [main] - Card Index: 13
[INFO ] 2020-12-02 13:58:55.308 [main] - Job Title: Quality Assurance Engineer
[INFO ] 2020-12-02 13:58:55.339 [main] - Company: myAgro Farms
[INFO ] 2020-12-02 13:58:55.369 [main] - Date Posted: 28 days ago
[INFO ] 2020-12-02 13:58:55.548 [main] - Card Index: 14
[INFO ] 2020-12-02 13:58:55.781 [main] - Job Title: Software QA Engineer
[INFO ] 2020-12-02 13:58:55.866 [main] - Company: SnapClose
[INFO ] 2020-12-02 13:58:55.896 [main] - Date Posted: 26 days ago
