[INFO ] 2020-12-02 15:58:55.488 [main] - ======= Test 'SearchPageTest' is started =======
[INFO ] 2020-12-02 15:59:01.339 [main] - Cards on Page: 15
[INFO ] 2020-12-02 15:59:01.502 [main] - Job Title: QA Engineer
[INFO ] 2020-12-02 15:59:01.540 [main] - Company: Ethos Solutions, LLC
[INFO ] 2020-12-02 15:59:01.589 [main] - Date Posted: 21 days ago
[INFO ] 2020-12-02 15:59:02.903 [main] - Job Title: Software Quality Assurance Analyst (Remote)
[INFO ] 2020-12-02 15:59:02.936 [main] - Company: Leading Reach, Inc.
[INFO ] 2020-12-02 15:59:02.970 [main] - Date Posted: Today
[INFO ] 2020-12-02 15:59:03.532 [main] - Job Title: Quality Assurance Engineer
[INFO ] 2020-12-02 15:59:03.561 [main] - Company: TruConnect Communication Inc
[INFO ] 2020-12-02 15:59:03.590 [main] - Date Posted: 30+ days ago
[INFO ] 2020-12-02 15:59:04.319 [main] - Job Title: QA Engineer
[INFO ] 2020-12-02 15:59:04.351 [main] - Company: SkySync
[INFO ] 2020-12-02 15:59:04.380 [main] - Date Posted: 30+ days ago
[INFO ] 2020-12-02 15:59:04.878 [main] - Job Title: QA Engineer
[INFO ] 2020-12-02 15:59:04.908 [main] - Company: Bear Group
[INFO ] 2020-12-02 15:59:04.939 [main] - Date Posted: 7 days ago
[INFO ] 2020-12-02 15:59:05.313 [main] - Job Title: QA Engineer
[INFO ] 2020-12-02 15:59:05.342 [main] - Company: Affinity Resources
[INFO ] 2020-12-02 15:59:05.374 [main] - Date Posted: 1 day ago
[INFO ] 2020-12-02 15:59:05.772 [main] - Job Title: Software QA Specialist
[INFO ] 2020-12-02 15:59:05.849 [main] - Company: APAX Software
[INFO ] 2020-12-02 15:59:05.957 [main] - Date Posted: Just posted
[INFO ] 2020-12-02 15:59:06.218 [main] - Job Title: Software Quality Assurance (QA)
[INFO ] 2020-12-02 15:59:06.260 [main] - Company: Ebury Partners
[INFO ] 2020-12-02 15:59:06.294 [main] - Date Posted: 30+ days ago
[INFO ] 2020-12-02 15:59:06.719 [main] - Job Title: VP of Software QA
[INFO ] 2020-12-02 15:59:06.753 [main] - Company: ITAC Solutions
[INFO ] 2020-12-02 15:59:06.784 [main] - Date Posted: 2 days ago
[INFO ] 2020-12-02 15:59:07.119 [main] - Job Title: QA Engineer - Remote
[INFO ] 2020-12-02 15:59:07.150 [main] - Company: MobyMax
[INFO ] 2020-12-02 15:59:07.181 [main] - Date Posted: Just posted
[INFO ] 2020-12-02 15:59:07.603 [main] - Job Title: QA Engineer
[INFO ] 2020-12-02 15:59:07.637 [main] - Company: Food52
[INFO ] 2020-12-02 15:59:07.671 [main] - Date Posted: Today
[INFO ] 2020-12-02 15:59:08.010 [main] - Job Title: Director, Software Quality Assurance
[INFO ] 2020-12-02 15:59:08.117 [main] - Company: NRC Health
[INFO ] 2020-12-02 15:59:08.148 [main] - Date Posted: 1 day ago
[INFO ] 2020-12-02 15:59:08.573 [main] - Job Title: Entry level manual tester/ QA
[INFO ] 2020-12-02 15:59:08.607 [main] - Company: Qabasa Inc.
[INFO ] 2020-12-02 15:59:08.639 [main] - Date Posted: 30+ days ago
[INFO ] 2020-12-02 15:59:09.026 [main] - Job Title: Quality Assurance Engineer
[INFO ] 2020-12-02 15:59:09.062 [main] - Company: myAgro Farms
[INFO ] 2020-12-02 15:59:09.092 [main] - Date Posted: 29 days ago
[INFO ] 2020-12-02 15:59:09.518 [main] - Job Title: Software QA Engineer (Remote)
[INFO ] 2020-12-02 15:59:09.550 [main] - Company: SpotX
[INFO ] 2020-12-02 15:59:09.619 [main] - Date Posted: 30+ days ago
