[INFO ] 2020-12-08 11:27:55.382 [main] - ======= Test 'SearchPageTest' is started =======
[INFO ] 2020-12-08 11:28:07.008 [main] - Total Card(s) on Page: 15
[INFO ] 2020-12-08 11:28:58.222 [main] - Remote Job(s) Posted Count: 50
| Software Quality Coordinator | Mayo Clinic | Just posted |
| Tableau BI Lead | Apptad Inc | Just posted |
| QA Engineer | Abstract | Today |
| QA Engineer (Remote) ( Only W2 candidates) | ClientSolv Technologies | Today |
| QA Lead (SDLC, Selenium, Postman, SoapUI) | Kinetic Personnel Group Inc. | Today |
| Software Quality Assurance Lead | Arctic Information Technology, Inc. | Today |
| Software Quality Assurance Lead | Arctic IT | Today |
| QA Engineer (Mobile) | ChowNow | Today |
| Data Analyst | Partner Cubed | Today |
| Senior QA Engineer (Freelance, Remote, NO C2C) | Braintrust | 1 day ago |
| Software Quality Analyst | Seamless.AI | 3 days ago |
| Lead DBA | Community Brands | 3 days ago |
| SR Automation Test Developer | Mayo Clinic | 3 days ago |
| Software QA Engineer | Premier Staffing Partners | 4 days ago |
| Quality Assurance Engineer | NRC Health | 4 days ago |
| Senior SQA Engineer | Blackbird Technical Staffing | 4 days ago |
| Software QA Analyst | ARGO | 4 days ago |
| QA Engineer - REMOTE | Quimbee | 4 days ago |
| Director of Quality Assurance | CBTS | 4 days ago |
| Sr. ServiceNow Tester | Cystems Logic Inc. | 4 days ago |
| QA Engineer | Relatient, Inc | 5 days ago |
| QA Engineer - Remote | MobyMax | 5 days ago |
| Remote - Senior QA Engineer | J2 Cloud Services | 5 days ago |
| Software QA Engineer | Premier Staffing Partners | 4 days ago |
| AEM Technical Consultant - Remote | Merkle | 5 days ago |
| Adobe Campaign Technical Consultant - Remote | Merkle | 5 days ago |
| IT Service Delivery Specialist | Net Health | 5 days ago |
| Sr Technical Product Manager - Assay Management | Natera | 5 days ago |
| Quality Assurance Engineer | CSI Tech Inc | 6 days ago |
| QA Engineer | Food52 | 6 days ago |
| QA Automation Engineer | Integra Partners | 6 days ago |
| Senior SDET Engineer | Aspiration | 6 days ago |
| Quality Assurance Engineer III | Net Health | 6 days ago |
| Automation Tester | GovernmentCIO | 6 days ago |
| Handset Software Application Test Engineer | 3S Network, Inc. | 6 days ago |
| IT Business Systems Analyst II | ARUP Laboratories | 6 days ago |
| VP of Software QA | ITAC Solutions | 7 days ago |
| Software QA Engineer | Premier Staffing Partners | 4 days ago |
| Director, Software Quality Assurance | NRC Health | 7 days ago |
| Systems QA Engineer | Fortna | 12 days ago |
| Software Quality Engineer | Alluma | 11 days ago |
| QA Engineer - Remote | FCM | 13 days ago |
| Senior Software Quality Assurance Analyst | VirPack | 8 days ago |
| Software Quality Assurance Manager | Email on Acid | 10 days ago |
| QA Engineer | Bear Group | 13 days ago |
| QA Engineer | kapwing | 10 days ago |
| QA Engineer | Ansira | 7 days ago |
| Sr. QA Engineer | Webstaurant Store, Inc. | 7 days ago |
| QA Automation Engineer | Luminous Analytics | 12 days ago |
| Customer Service for NY-based Start-up Tech Firm | Cornerstone Services, Inc. | 11 days ago |
https://www.indeed.com/jobs?q=%22software+quality+engineer%22+OR+%22sqa%22+OR%22software+quality+assurance%22+OR+%22QA+engineer%22&l=Remote&jt=fulltime&sort=date&fromage=14&start=40
