[INFO ] 2020-12-08 12:02:54.235 [main] - ======= Test 'SearchPageTest' is started =======
[INFO ] 2020-12-08 12:03:04.953 [main] - Total Card(s) on Page: 1
[INFO ] 2020-12-08 12:03:05.873 [main] - Total Card(s) on Page: 1
[INFO ] 2020-12-08 12:03:06.960 [main] - Total Card(s) on Page: 1
[INFO ] 2020-12-08 12:03:07.647 [main] - Total Card(s) on Page: 1
[INFO ] 2020-12-08 12:03:08.354 [main] - Total Card(s) on Page: 1
[INFO ] 2020-12-08 12:03:09.021 [main] - Total Card(s) on Page: 1
[INFO ] 2020-12-08 12:03:09.694 [main] - Total Card(s) on Page: 1
[INFO ] 2020-12-08 12:03:10.316 [main] - Total Card(s) on Page: 1
[INFO ] 2020-12-08 12:03:10.875 [main] - Total Card(s) on Page: 1
[INFO ] 2020-12-08 12:03:11.548 [main] - Total Card(s) on Page: 1
[INFO ] 2020-12-08 12:03:12.352 [main] - Total Card(s) on Page: 1
[INFO ] 2020-12-08 12:03:13.001 [main] - Total Card(s) on Page: 1
[INFO ] 2020-12-08 12:03:13.605 [main] - Total Card(s) on Page: 1
[INFO ] 2020-12-08 12:03:14.195 [main] - Total Card(s) on Page: 1
[INFO ] 2020-12-08 12:03:14.888 [main] - Total Card(s) on Page: 1
[INFO ] 2020-12-08 12:03:16.774 [main] - Total Card(s) on Page: 2
[INFO ] 2020-12-08 12:03:17.615 [main] - Total Card(s) on Page: 2
[INFO ] 2020-12-08 12:03:18.334 [main] - Total Card(s) on Page: 2
[INFO ] 2020-12-08 12:03:19.073 [main] - Total Card(s) on Page: 2
[INFO ] 2020-12-08 12:03:19.641 [main] - Total Card(s) on Page: 2
[INFO ] 2020-12-08 12:03:20.224 [main] - Total Card(s) on Page: 2
[INFO ] 2020-12-08 12:03:21.075 [main] - Total Card(s) on Page: 2
[INFO ] 2020-12-08 12:03:21.805 [main] - Total Card(s) on Page: 2
[INFO ] 2020-12-08 12:03:22.363 [main] - Total Card(s) on Page: 2
[INFO ] 2020-12-08 12:03:23.242 [main] - Total Card(s) on Page: 2
[INFO ] 2020-12-08 12:03:23.914 [main] - Total Card(s) on Page: 2
[INFO ] 2020-12-08 12:03:24.531 [main] - Total Card(s) on Page: 2
[INFO ] 2020-12-08 12:03:25.113 [main] - Total Card(s) on Page: 2
[INFO ] 2020-12-08 12:03:25.664 [main] - Total Card(s) on Page: 2
[INFO ] 2020-12-08 12:03:26.325 [main] - Total Card(s) on Page: 2
[INFO ] 2020-12-08 12:03:28.571 [main] - Remote Job(s) Posted Count: 24
| Software Quality Coordinator | Mayo Clinic | Just posted |
| Tableau BI Lead | Apptad Inc | Just posted |
| QA Engineer | Abstract | Today |
| QA Engineer (Remote) ( Only W2 candidates) | ClientSolv Technologies | Today |
| QA Lead (SDLC, Selenium, Postman, SoapUI) | Kinetic Personnel Group Inc. | Today |
| QA Engineer (Mobile) | ChowNow | Today |
| Software Quality Assurance Lead | Arctic Information Technology, Inc. | Today |
| Software Quality Assurance Lead | Arctic IT | Today |
| Data Analyst | Partner Cubed | Today |
| Senior QA Engineer (Freelance, Remote, NO C2C) | Braintrust | 1 day ago |
| Software Quality Analyst | Seamless.AI | 3 days ago |
| Lead DBA | Community Brands | 3 days ago |
| SR Automation Test Developer | Mayo Clinic | 3 days ago |
| Software QA Engineer | Premier Staffing Partners | 4 days ago |
| Quality Assurance Engineer | NRC Health | 4 days ago |
| Software QA Analyst | ARGO | 4 days ago |
| QA Engineer - REMOTE | Quimbee | 4 days ago |
| Director of Quality Assurance | CBTS | 4 days ago |
| Senior SQA Engineer | Blackbird Technical Staffing | 4 days ago |
| Sr. ServiceNow Tester | Cystems Logic Inc. | 4 days ago |
| QA Engineer | Relatient, Inc | 5 days ago |
| QA Engineer - Remote | MobyMax | 5 days ago |
| Remote - Senior QA Engineer | J2 Cloud Services | 5 days ago |
| AEM Technical Consultant - Remote | Merkle | 5 days ago |
https://www.indeed.com/jobs?q=%22software+quality+engineer%22+OR+%22sqa%22+OR%22software+quality+assurance%22+OR+%22QA+engineer%22&l=Remote&jt=fulltime&sort=date&fromage=7&start=20
