[INFO ] 2020-12-02 10:17:16.900 [main] - ======= Test 'Test' is started =======
[INFO ] 2020-12-02 10:17:23.896 [main] - size: [
	<div class="jobsearch-SerpJobCard unifiedRow row result clickcard vjs-highlight" data-ci="361257888" data-empn="1853613385480730" data-jk="89ca0efd1fdd1dda" id="pj_89ca0efd1fdd1dda">QA Engineer
Ethos Solutions, LLC
United States • Remote
$52,333 - $128,413 a year
Easily apply
Familiarity with software deployment through Continuous Integration.
Quality assurance: 5 years (Preferred).
Create detailed, well organized, and comprehensive…
21 days ago
·Save job</div>,
	<div class="jobsearch-SerpJobCard unifiedRow row result clickcard" data-ci="361838706" data-empn="134587416060927" data-jk="5d3bb40ed265a1fc" id="pj_5d3bb40ed265a1fc">Software Quality Assurance Analyst (Remote)
new
Leading Reach, Inc.
Austin, TX 78731 • Remote
Preferred degrees: CS or BA in CS, MIS, IFSM or related fields.
Minimum (2) years working as a Software Quality Assurance Analyst or Software Developer or other…
Today
·Save job</div>,
	<div class="jobsearch-SerpJobCard unifiedRow row result clickcard" data-ci="360511865" data-empn="4702763102884395" data-jk="bd9c1221fbc5f858" id="pj_bd9c1221fbc5f858">Quality Assurance Engineer
TruConnect Communication Inc
Remote
Easily apply
We are seeking a part time Field QA Engineer for conducting various application tests using android devices and a laptop.
Job Types: Full-time, Part-time.
30+ days ago
·Save job</div>,
	<div class="jobsearch-SerpJobCard unifiedRow row result clickcard" data-ci="361581956" data-empn="8750418663276945" data-jk="767e0581495bfac1" id="pj_767e0581495bfac1">QA Engineer
SkySync 5.0
Ann Arbor, MI • Remote
From $55,000 a year
Requirements
Quality Assurance: 3 years
JSON and POSTMAN: 1 year
Easily apply
Experience with Selenium or equivalent.
Detect and track software defects and inconsistencies using Jira.
Understanding of QA process for software development,…
30+ days ago
·Save job</div>,
	<div class="jobsearch-SerpJobCard unifiedRow row result clickcard" data-ci="361716765" data-empn="3591344260692160" data-jk="6228f7b08866fa01" id="pj_6228f7b08866fa01">QA Engineer
new
Bear Group 3.0
Remote
Easily apply
Experience with selenium automated test framework or MFTF testing experience.
QA methodology and tools, with demonstrated QA experience in a SDET or QAE role.
7 days ago
·Save job</div>,
	<div class="jobsearch-SerpJobCard unifiedRow row result clickcard" data-ci="220623736" data-empn="8820106013025396" data-jk="bf7789999f62c7b6" id="pj_bf7789999f62c7b6">VP of Software QA
new
ITAC Solutions 4.0
Dublin, CA • Remote
Software Quality (CASQ or CSQA) and/or Software Testing (CAST or CSTE) Certifications a plus.
Oversee end-to-end quality assurance program, including build &…
1 day ago
·Save job</div>,
	<div class="jobsearch-SerpJobCard unifiedRow row result clickcard" data-ci="360985003" data-empn="7104459453883809" data-jk="f29d04b81a4072a9" id="pj_f29d04b81a4072a9">QA Engineer
new
Affinity Resources 3.6
North Miami, FL
$60 - $70 an hour
Easily apply
Urgently hiring
Communicates quality issues and risks to the software development teams and technical leaders.
Performs black box and/or white box testing as needed.
1 day ago
·Save job</div>,
	<div class="jobsearch-SerpJobCard unifiedRow row result clickcard" data-jk="10c71c81a47e500f" data-tn-component="organicJob" id="p_10c71c81a47e500f">Software Quality Assurance (QA)
Ebury Partners
Remote
Working knowledge of test case management software.
Experience in code quality metrics and tools.
Experience as a QA Engineer or similar role.
30+ days ago
·Save job·More...</div>,
	<div class="jobsearch-SerpJobCard unifiedRow row result clickcard" data-jk="e7e8f98fe83bf173" data-tn-component="organicJob" id="p_e7e8f98fe83bf173">Director, Software Quality Assurance
new
NRC Health 3.3
Remote
5+ years of experience in a senior leadership role driving software quality, test automation and continuous delivery efforts for Onsite and SaaS applications…
1 day ago
·Save job·More...</div>,
	<div class="jobsearch-SerpJobCard unifiedRow row result clickcard" data-jk="4055215629fd2849" data-tn-component="organicJob" id="p_4055215629fd2849">QA Engineer
new
Ansira 3.4
Remote
Understanding of software engineering and web development.
For more information, visit Ansira.com or LinkedIn.
Strong written and verbal communication skills.
1 day ago
·Save job·More...</div>,
	<div class="jobsearch-SerpJobCard unifiedRow row result clickcard" data-ci="320558845" data-empn="3752356117023190" data-jk="ff97142e58e08f7d" id="pj_ff97142e58e08f7d">QA Automation Engineer
new
Brooksource 3.7
Tampa, FL • Remote
$44 - $46 an hour
Easily apply
Urgently hiring
Good understanding of automation design patterns and software testing principles and methodologies.
Interact with project managers and developers to drive…
1 day ago
·Save job</div>,
	<div class="jobsearch-SerpJobCard unifiedRow row result clickcard" data-jk="d1c15d09e4e6b203" data-tn-component="organicJob" id="p_d1c15d09e4e6b203">QA Engineer
new
Food52
New York, NY 10001 (Chelsea area) • Remote
Knowledge of quality assurance methodologies and processes.
Passion for delivering high-quality software products.
Experience with Selenium a strong plus.
Today
·Save job·More...</div>,
	<div class="jobsearch-SerpJobCard unifiedRow row result clickcard" data-jk="547d4303f292221e" data-tn-component="organicJob" id="p_547d4303f292221e">Shared Services QA Engineer
Apple 4.2
Austin, TX • Remote
BS/BA or equivalent experience.
Deep knowledge of software development lifecycle, testing methodologies, QA terminology and processes.
13 days ago
·Save job·More...</div>,
	<div class="jobsearch-SerpJobCard unifiedRow row result clickcard" data-jk="a1c60486b57d6916" data-tn-component="organicJob" id="p_a1c60486b57d6916">Quality Assurance Engineer III
new
Net Health 2.7
Jacksonville, FL • Remote
Encourage and advocate team ownership of software quality.
Lead quality activates and initiatives on a software development scrum team.
Today
·Save job·More...</div>,
	<div class="jobsearch-SerpJobCard unifiedRow row result clickcard" data-jk="84447ff0583069cc" data-tn-component="organicJob" id="p_84447ff0583069cc">Quality Assurance Engineer
myAgro Farms
Remote
Easily apply
Experience working on a software development team.
Plan, schedule, and implement software testing.
Solid understanding of the software development and testing…
28 days ago
·Save job·More...</div>
]
[INFO ] 2020-12-02 10:17:25.057 [main] - size: [
	<div class="jobsearch-SerpJobCard unifiedRow row result clickcard vjs-highlight" data-ci="361257888" data-empn="1853613385480730" data-jk="89ca0efd1fdd1dda" id="pj_89ca0efd1fdd1dda">QA Engineer
Ethos Solutions, LLC
United States • Remote
$52,333 - $128,413 a year
Easily apply
Familiarity with software deployment through Continuous Integration.
Quality assurance: 5 years (Preferred).
Create detailed, well organized, and comprehensive…
21 days ago
·Save job</div>,
	<div class="jobsearch-SerpJobCard unifiedRow row result clickcard" data-ci="361838706" data-empn="134587416060927" data-jk="5d3bb40ed265a1fc" id="pj_5d3bb40ed265a1fc">Software Quality Assurance Analyst (Remote)
new
Leading Reach, Inc.
Austin, TX 78731 • Remote
Preferred degrees: CS or BA in CS, MIS, IFSM or related fields.
Minimum (2) years working as a Software Quality Assurance Analyst or Software Developer or other…
Today
·Save job</div>,
	<div class="jobsearch-SerpJobCard unifiedRow row result clickcard" data-ci="360511865" data-empn="4702763102884395" data-jk="bd9c1221fbc5f858" id="pj_bd9c1221fbc5f858">Quality Assurance Engineer
TruConnect Communication Inc
Remote
Easily apply
We are seeking a part time Field QA Engineer for conducting various application tests using android devices and a laptop.
Job Types: Full-time, Part-time.
30+ days ago
·Save job</div>,
	<div class="jobsearch-SerpJobCard unifiedRow row result clickcard" data-ci="361581956" data-empn="8750418663276945" data-jk="767e0581495bfac1" id="pj_767e0581495bfac1">QA Engineer
SkySync 5.0
Ann Arbor, MI • Remote
From $55,000 a year
Requirements
Quality Assurance: 3 years
JSON and POSTMAN: 1 year
Easily apply
Experience with Selenium or equivalent.
Detect and track software defects and inconsistencies using Jira.
Understanding of QA process for software development,…
30+ days ago
·Save job</div>,
	<div class="jobsearch-SerpJobCard unifiedRow row result clickcard" data-ci="361716765" data-empn="3591344260692160" data-jk="6228f7b08866fa01" id="pj_6228f7b08866fa01">QA Engineer
new
Bear Group 3.0
Remote
Easily apply
Experience with selenium automated test framework or MFTF testing experience.
QA methodology and tools, with demonstrated QA experience in a SDET or QAE role.
7 days ago
·Save job</div>,
	<div class="jobsearch-SerpJobCard unifiedRow row result clickcard" data-ci="220623736" data-empn="8820106013025396" data-jk="bf7789999f62c7b6" id="pj_bf7789999f62c7b6">VP of Software QA
new
ITAC Solutions 4.0
Dublin, CA • Remote
Software Quality (CASQ or CSQA) and/or Software Testing (CAST or CSTE) Certifications a plus.
Oversee end-to-end quality assurance program, including build &…
1 day ago
·Save job</div>,
	<div class="jobsearch-SerpJobCard unifiedRow row result clickcard" data-ci="360985003" data-empn="7104459453883809" data-jk="f29d04b81a4072a9" id="pj_f29d04b81a4072a9">QA Engineer
new
Affinity Resources 3.6
North Miami, FL
$60 - $70 an hour
Easily apply
Urgently hiring
Communicates quality issues and risks to the software development teams and technical leaders.
Performs black box and/or white box testing as needed.
1 day ago
·Save job</div>,
	<div class="jobsearch-SerpJobCard unifiedRow row result clickcard" data-jk="10c71c81a47e500f" data-tn-component="organicJob" id="p_10c71c81a47e500f">Software Quality Assurance (QA)
Ebury Partners
Remote
Working knowledge of test case management software.
Experience in code quality metrics and tools.
Experience as a QA Engineer or similar role.
30+ days ago
·Save job·More...</div>,
	<div class="jobsearch-SerpJobCard unifiedRow row result clickcard" data-jk="e7e8f98fe83bf173" data-tn-component="organicJob" id="p_e7e8f98fe83bf173">Director, Software Quality Assurance
new
NRC Health 3.3
Remote
5+ years of experience in a senior leadership role driving software quality, test automation and continuous delivery efforts for Onsite and SaaS applications…
1 day ago
·Save job·More...</div>,
	<div class="jobsearch-SerpJobCard unifiedRow row result clickcard" data-jk="4055215629fd2849" data-tn-component="organicJob" id="p_4055215629fd2849">QA Engineer
new
Ansira 3.4
Remote
Understanding of software engineering and web development.
For more information, visit Ansira.com or LinkedIn.
Strong written and verbal communication skills.
1 day ago
·Save job·More...</div>,
	<div class="jobsearch-SerpJobCard unifiedRow row result clickcard" data-ci="320558845" data-empn="3752356117023190" data-jk="ff97142e58e08f7d" id="pj_ff97142e58e08f7d">QA Automation Engineer
new
Brooksource 3.7
Tampa, FL • Remote
$44 - $46 an hour
Easily apply
Urgently hiring
Good understanding of automation design patterns and software testing principles and methodologies.
Interact with project managers and developers to drive…
1 day ago
·Save job</div>,
	<div class="jobsearch-SerpJobCard unifiedRow row result clickcard" data-jk="d1c15d09e4e6b203" data-tn-component="organicJob" id="p_d1c15d09e4e6b203">QA Engineer
new
Food52
New York, NY 10001 (Chelsea area) • Remote
Knowledge of quality assurance methodologies and processes.
Passion for delivering high-quality software products.
Experience with Selenium a strong plus.
Today
·Save job·More...</div>,
	<div class="jobsearch-SerpJobCard unifiedRow row result clickcard" data-jk="547d4303f292221e" data-tn-component="organicJob" id="p_547d4303f292221e">Shared Services QA Engineer
Apple 4.2
Austin, TX • Remote
BS/BA or equivalent experience.
Deep knowledge of software development lifecycle, testing methodologies, QA terminology and processes.
13 days ago
·Save job·More...</div>,
	<div class="jobsearch-SerpJobCard unifiedRow row result clickcard" data-jk="a1c60486b57d6916" data-tn-component="organicJob" id="p_a1c60486b57d6916">Quality Assurance Engineer III
new
Net Health 2.7
Jacksonville, FL • Remote
Encourage and advocate team ownership of software quality.
Lead quality activates and initiatives on a software development scrum team.
Today
·Save job·More...</div>,
	<div class="jobsearch-SerpJobCard unifiedRow row result clickcard" data-jk="84447ff0583069cc" data-tn-component="organicJob" id="p_84447ff0583069cc">Quality Assurance Engineer
myAgro Farms
Remote
Easily apply
Experience working on a software development team.
Plan, schedule, and implement software testing.
Solid understanding of the software development and testing…
28 days ago
·Save job·More...</div>
]
