[INFO ] 2020-12-02 11:28:44.658 [main] - ======= Test 'SearchPageTest' is started =======
[INFO ] 2020-12-02 11:28:52.060 [main] - Total Job Count on Page 1: 15
[INFO ] 2020-12-02 11:28:53.058 [main] - Expanded Card Size: 1
[INFO ] 2020-12-02 11:28:53.670 [main] - 
card object:
<div class="jobsearch-JobComponent icl-u-xs-mt--sm">QA Engineer
- job post
Ethos Solutions, LLC
-
United States•Remote
Apply Now
Job details
Salary
$52,333 - $128,413 a year
Job Type
Full-time
Qualifications
Quality assurance: 5 years (Preferred)
Full Job Description
Ethos Solutions is a professional services consulting firm specializing in business application development and integration. Our Core Business includes Salesforce implementations, customizations and integration, website development, and mobile application for a diverse group of clients.
If you are looking to be a part of a company that encourages thinking outside of the box, then this is the job for you.
We are currently seeking a QA Engineer that will work as part of a project team implementing quality standards across complex projects. We are looking for an experienced and highly motivated individual with a strong QA background and thoroughly understand the software development life cycle (SDLC).
Knowledge/Responsibilities
QA Skills
Thorough understanding of QA processes, methodologies, and best practices
Designing and implementing test plans, test cases as well as creating web automation scripts
Create detailed, well organized, and comprehensive test case libraries from Business Requirements
Reporting and managing QA issues through formal tracking system (e.g. Jira)
Writing and executing automated and manual tests. (e.g. TestRails, Selenium)
Establish and document continued process improvements and test requirements
Work closely with the software developers through the defect lifecycle, from discovery to defect resolution
Experience with testing web applications and mobile devices
Development Skills
Knowledge of unit testing frameworks like JUnit
Familiarity with software deployment through Continuous Integration
Working knowledge of Agile/Scrum development and industry best practices
Minimum Qualifications
5+ years of experience with test plan creation, integration, regression, and functional testing techniques
Bachelor’s degree in a Technical Discipline (CS, EE, Math, Physics, etc.)
Understanding of QA and OOP methodologies and design patterns
Desired Characteristics
Enjoys a fast-paced entrepreneurial environment
Driven by customer success with a team player attitude
Excellent communication, interpersonal, and prioritization skills
Strong analytical and problem-solving skills
Highly motivated, hands-on and results-oriented
Enthusiastic, self-motivated professional with a focus on building quality applications
Excellent listening skills to fully collaborate with team and client to achieve successful outcome
All candidates must be legally authorized to work in the United States. Currently Ethos Solutions does not provide sponsorship.
About Ethos
Ethos Solutions is a professional services consulting firm specializing in business application development and integrations. Our Core Business includes Salesforce implementations, customizations and integrations, web-enabled business application development, mobile applications (Native and Web-Enabled), and system integrations for a diverse group of clients.
Job Type: Full-time
Pay: $52,333.00 - $128,413.00 per year
Benefits:
401(k)
401(k) matching
Dental insurance
Disability insurance
Flexible schedule
Health insurance
Life insurance
Paid time off
Parental leave
Referral program
Vision insurance
Schedule:
8 hour shift
Monday to Friday
Experience:
Quality assurance: 5 years (Preferred)
Work Location:
Fully Remote
This Job Is Ideal for Someone Who Is:
Dependable -- more reliable than spontaneous
People-oriented -- enjoys interacting with people and working on group projects
Adaptable/flexible -- enjoys doing work that requires frequent shifts in direction
Detail-oriented -- would rather focus on the details of work than the bigger picture
Achievement-oriented -- enjoys taking on challenges, even if they might fail
Autonomous/Independent -- enjoys working with little direction
Innovative -- prefers working in unconventional ways or on tasks that require creativity
High stress tolerance -- thrives in a high-pressure environment
Company's website:
www.ethos.com
Work Remotely:
Yes, always
- 21 days ago
If you require alternative methods of application or screening, you must approach the employer directly to request this as Indeed is not responsible for the employer's application process.
Report job</div>
[INFO ] 2020-12-02 11:28:53.768 [main] - 
card text:
QA Engineer
- job post
Ethos Solutions, LLC
-
United States•Remote
Apply Now
Job details
Salary
$52,333 - $128,413 a year
Job Type
Full-time
Qualifications
Quality assurance: 5 years (Preferred)
Full Job Description
Ethos Solutions is a professional services consulting firm specializing in business application development and integration. Our Core Business includes Salesforce implementations, customizations and integration, website development, and mobile application for a diverse group of clients.
If you are looking to be a part of a company that encourages thinking outside of the box, then this is the job for you.
We are currently seeking a QA Engineer that will work as part of a project team implementing quality standards across complex projects. We are looking for an experienced and highly motivated individual with a strong QA background and thoroughly understand the software development life cycle (SDLC).
Knowledge/Responsibilities
QA Skills
Thorough understanding of QA processes, methodologies, and best practices
Designing and implementing test plans, test cases as well as creating web automation scripts
Create detailed, well organized, and comprehensive test case libraries from Business Requirements
Reporting and managing QA issues through formal tracking system (e.g. Jira)
Writing and executing automated and manual tests. (e.g. TestRails, Selenium)
Establish and document continued process improvements and test requirements
Work closely with the software developers through the defect lifecycle, from discovery to defect resolution
Experience with testing web applications and mobile devices
Development Skills
Knowledge of unit testing frameworks like JUnit
Familiarity with software deployment through Continuous Integration
Working knowledge of Agile/Scrum development and industry best practices
Minimum Qualifications
5+ years of experience with test plan creation, integration, regression, and functional testing techniques
Bachelor’s degree in a Technical Discipline (CS, EE, Math, Physics, etc.)
Understanding of QA and OOP methodologies and design patterns
Desired Characteristics
Enjoys a fast-paced entrepreneurial environment
Driven by customer success with a team player attitude
Excellent communication, interpersonal, and prioritization skills
Strong analytical and problem-solving skills
Highly motivated, hands-on and results-oriented
Enthusiastic, self-motivated professional with a focus on building quality applications
Excellent listening skills to fully collaborate with team and client to achieve successful outcome
All candidates must be legally authorized to work in the United States. Currently Ethos Solutions does not provide sponsorship.
About Ethos
Ethos Solutions is a professional services consulting firm specializing in business application development and integrations. Our Core Business includes Salesforce implementations, customizations and integrations, web-enabled business application development, mobile applications (Native and Web-Enabled), and system integrations for a diverse group of clients.
Job Type: Full-time
Pay: $52,333.00 - $128,413.00 per year
Benefits:
401(k)
401(k) matching
Dental insurance
Disability insurance
Flexible schedule
Health insurance
Life insurance
Paid time off
Parental leave
Referral program
Vision insurance
Schedule:
8 hour shift
Monday to Friday
Experience:
Quality assurance: 5 years (Preferred)
Work Location:
Fully Remote
This Job Is Ideal for Someone Who Is:
Dependable -- more reliable than spontaneous
People-oriented -- enjoys interacting with people and working on group projects
Adaptable/flexible -- enjoys doing work that requires frequent shifts in direction
Detail-oriented -- would rather focus on the details of work than the bigger picture
Achievement-oriented -- enjoys taking on challenges, even if they might fail
Autonomous/Independent -- enjoys working with little direction
Innovative -- prefers working in unconventional ways or on tasks that require creativity
High stress tolerance -- thrives in a high-pressure environment
Company's website:
www.ethos.com
Work Remotely:
Yes, always
- 21 days ago
If you require alternative methods of application or screening, you must approach the employer directly to request this as Indeed is not responsible for the employer's application process.
Report job
